<?xml version="1.0" encoding="UTF-8"?>
<testsuite xmlns:xsi="http://www.w3.org/2001/XMLSchema-instance" xsi:noNamespaceSchemaLocation="https://maven.apache.org/surefire/maven-surefire-plugin/xsd/surefire-test-report-3.0.xsd" version="3.0" name="com.p2p.service.LoanServiceTest" time="0.794" tests="4" errors="0" skipped="0" failures="0">
  <properties>
[...]
</properties>
  <testcase name="shouldRejectLoanWhenCreditScoreLow" classname="com.p2p.service.LoanServiceTest" time="0.087">
    <system-out><![CDATA[2026-04-26 12:36:59,151 [main] INFO  com.p2p.service.LoanServiceTest - TC-04 Mulai, shouldRejectLoanWhenCreditScoreLow
2026-04-26 12:36:59,157 [main] INFO  com.p2p.service.LoanServiceTest - Borrower Verified :  true
2026-04-26 12:36:59,170 [main] INFO  com.p2p.service.LoanServiceTest - Credit Score : 550
2026-04-26 12:36:59,171 [main] INFO  com.p2p.service.LoanServiceTest - Amount : 1000
2026-04-26 12:36:59,174 [main] INFO  com.p2p.service.LoanServiceTest - STATUS : REJECTED
2026-04-26 12:36:59,180 [main] INFO  com.p2p.service.LoanServiceTest - TC-04 Selesai
]]></system-out>
  </testcase>
  <testcase name="shouldApproveLoanWhenCreditScoreHigh" classname="com.p2p.service.LoanServiceTest" time="0.003">
    <system-out><![CDATA[2026-04-26 12:36:59,202 [main] INFO  com.p2p.service.LoanServiceTest - TC-03 Mulai, shouldApproveLoanWhenCreditScoreHigh
2026-04-26 12:36:59,202 [main] INFO  com.p2p.service.LoanServiceTest - Borrower Verified : true
2026-04-26 12:36:59,202 [main] INFO  com.p2p.service.LoanServiceTest - Credit Score : 750
2026-04-26 12:36:59,202 [main] INFO  com.p2p.service.LoanServiceTest - Amount : 1000
2026-04-26 12:36:59,202 [main] INFO  com.p2p.service.LoanServiceTest - STATUS : APPROVED
2026-04-26 12:36:59,202 [main] INFO  com.p2p.service.LoanServiceTest - TC-03 Selesai
]]></system-out>
  </testcase>
  <testcase name="shouldRejectLoanWhenAmountIsZeroOrNegative" classname="com.p2p.service.LoanServiceTest" time="0.006">
    <system-out><![CDATA[2026-04-26 12:36:59,206 [main] INFO  com.p2p.service.LoanServiceTest - TC-02 Mulai, shouldRejectLoanWhenAmountIsZeroOrNegative
2026-04-26 12:36:59,206 [main] INFO  com.p2p.service.LoanServiceTest - Borrower Verified : true
2026-04-26 12:36:59,206 [main] INFO  com.p2p.service.LoanServiceTest - Credit Score : 800
2026-04-26 12:36:59,206 [main] INFO  com.p2p.service.LoanServiceTest - Amount : 0
2026-04-26 12:36:59,210 [main] INFO  com.p2p.service.LoanServiceTest - TC-02 Selesai, berhasil melempar exception
]]></system-out>
  </testcase>
  <testcase name="shouldRejectLoanWhenBorrowerNotVerified" classname="com.p2p.service.LoanServiceTest" time="0.005">
    <system-out><![CDATA[2026-04-26 12:36:59,214 [main] INFO  com.p2p.service.LoanServiceTest - TC-01 Dimulai (shouldRejectLoanWhenBorrowerNotVerified
2026-04-26 12:36:59,214 [main] INFO  com.p2p.service.LoanServiceTest - Borrower Verified : False
2026-04-26 12:36:59,214 [main] INFO  com.p2p.service.LoanServiceTest - Credit Score 700: 
2026-04-26 12:36:59,215 [main] INFO  com.p2p.service.LoanServiceTest - Amount : 1000
2026-04-26 12:36:59,216 [main] INFO  com.p2p.service.LoanServiceTest - TC-01 Selesai, berhasil melempar exception
]]></system-out>
  </testcase>
</testsuite>